# JRE version: Java(TM) SE Runtime Environment (8.0_102-b14) (build 1.8.0_102-b14)
# Java VM: Java HotSpot(TM) 64-Bit Server VM (25.102-b14 mixed mode windows-amd64 compressed oops)
Heap:
 PSYoungGen      total 192000K, used 142465K [0x00000000d5f00000, 0x00000000e6c80000, 0x0000000100000000)
  eden space 157184K, 68% used [0x00000000d5f00000,0x00000000dc823470,0x00000000df880000)
  from space 34816K, 99% used [0x00000000e3280000,0x00000000e547d128,0x00000000e5480000)
  to   space 59392K, 0% used [0x00000000df880000,0x00000000df880000,0x00000000e3280000)
 ParOldGen       total 148480K, used 95114K [0x0000000081c00000, 0x000000008ad00000, 0x00000000d5f00000)
  object space 148480K, 64% used [0x0000000081c00000,0x00000000878e28b0,0x000000008ad00000)
 Metaspace       used 41552K, capacity 42815K, committed 43008K, reserved 1087488K
  class space    used 5051K, capacity 5302K, committed 5376K, reserved 1048576K
GC Heap History (10 events):
Event: 1.445 GC heap before
{Heap before GC invocations=6 (full 1):
 PSYoungGen      total 71680K, used 66560K [0x00000000d5f00000, 0x00000000daa00000, 0x0000000100000000)
  eden space 66560K, 100% used [0x00000000d5f00000,0x00000000da000000,0x00000000da000000)
  from space 5120K, 0% used [0x00000000da500000,0x00000000da500000,0x00000000daa00000)
  to   space 5120K, 0% used [0x00000000da000000,0x00000000da000000,0x00000000da500000)
 ParOldGen       total 52736K, used 5546K [0x0000000081c00000, 0x0000000084f80000, 0x00000000d5f00000)
  object space 52736K, 10% used [0x0000000081c00000,0x000000008216a838,0x0000000084f80000)
 Metaspace       used 22877K, capacity 23502K, committed 23808K, reserved 1069056K
  class space    used 3061K, capacity 3227K, committed 3328K, reserved 1048576K
Event: 1.451 GC heap after
Heap after GC invocations=6 (full 1):
 PSYoungGen      total 71680K, used 5108K [0x00000000d5f00000, 0x00000000ddf80000, 0x0000000100000000)
  eden space 66560K, 0% used [0x00000000d5f00000,0x00000000d5f00000,0x00000000da000000)
  from space 5120K, 99% used [0x00000000da000000,0x00000000da4fd160,0x00000000da500000)
  to   space 9728K, 0% used [0x00000000dd600000,0x00000000dd600000,0x00000000ddf80000)
 ParOldGen       total 52736K, used 8125K [0x0000000081c00000, 0x0000000084f80000, 0x00000000d5f00000)
  object space 52736K, 15% used [0x0000000081c00000,0x00000000823ef440,0x0000000084f80000)
 Metaspace       used 22877K, capacity 23502K, committed 23808K, reserved 1069056K
  class space    used 3061K, capacity 3227K, committed 3328K, reserved 1048576K
}
Event: 1.925 GC heap before
{Heap before GC invocations=7 (full 1):
 PSYoungGen      total 71680K, used 71668K [0x00000000d5f00000, 0x00000000ddf80000, 0x0000000100000000)
  eden space 66560K, 100% used [0x00000000d5f00000,0x00000000da000000,0x00000000da000000)
  from space 5120K, 99% used [0x00000000da000000,0x00000000da4fd160,0x00000000da500000)
  to   space 9728K, 0% used [0x00000000dd600000,0x00000000dd600000,0x00000000ddf80000)
 ParOldGen       total 52736K, used 8125K [0x0000000081c00000, 0x0000000084f80000, 0x00000000d5f00000)
  object space 52736K, 15% used [0x0000000081c00000,0x00000000823ef440,0x0000000084f80000)
 Metaspace       used 26300K, capacity 27368K, committed 27648K, reserved 1073152K
  class space    used 3559K, capacity 3778K, committed 3840K, reserved 1048576K
Event: 1.933 GC heap after
Heap after GC invocations=7 (full 1):
 PSYoungGen      total 119296K, used 9717K [0x00000000d5f00000, 0x00000000de000000, 0x0000000100000000)
  eden space 109568K, 0% used [0x00000000d5f00000,0x00000000d5f00000,0x00000000dca00000)
  from space 9728K, 99% used [0x00000000dd600000,0x00000000ddf7d480,0x00000000ddf80000)
  to   space 11264K, 0% used [0x00000000dca00000,0x00000000dca00000,0x00000000dd500000)
 ParOldGen       total 52736K, used 8772K [0x0000000081c00000, 0x0000000084f80000, 0x00000000d5f00000)
  object space 52736K, 16% used [0x0000000081c00000,0x00000000824913c8,0x0000000084f80000)
 Metaspace       used 26300K, capacity 27368K, committed 27648K, reserved 1073152K
  class space    used 3559K, capacity 3778K, committed 3840K, reserved 1048576K
}
Event: 2.597 GC heap before
{Heap before GC invocations=8 (full 1):
 PSYoungGen      total 119296K, used 119285K [0x00000000d5f00000, 0x00000000de000000, 0x0000000100000000)
  eden space 109568K, 100% used [0x00000000d5f00000,0x00000000dca00000,0x00000000dca00000)
  from space 9728K, 99% used [0x00000000dd600000,0x00000000ddf7d480,0x00000000ddf80000)
  to   space 11264K, 0% used [0x00000000dca00000,0x00000000dca00000,0x00000000dd500000)
 ParOldGen       total 52736K, used 8772K [0x0000000081c00000, 0x0000000084f80000, 0x00000000d5f00000)
  object space 52736K, 16% used [0x0000000081c00000,0x00000000824913c8,0x0000000084f80000)
 Metaspace       used 30905K, capacity 31970K, committed 32256K, reserved 1077248K
  class space    used 4106K, capacity 4329K, committed 4352K, reserved 1048576K
Event: 2.637 GC heap after
Heap after GC invocations=8 (full 1):
 PSYoungGen      total 120832K, used 11239K [0x00000000d5f00000, 0x00000000e5480000, 0x0000000100000000)
  eden space 109568K, 0% used [0x00000000d5f00000,0x00000000d5f00000,0x00000000dca00000)
  from space 11264K, 99% used [0x00000000dca00000,0x00000000dd4f9d70,0x00000000dd500000)
  to   space 34816K, 0% used [0x00000000e3280000,0x00000000e3280000,0x00000000e5480000)
 ParOldGen       total 53760K, used 53704K [0x0000000081c00000, 0x0000000085080000, 0x00000000d5f00000)
  object space 53760K, 99% used [0x0000000081c00000,0x0000000085072340,0x0000000085080000)
 Metaspace       used 30905K, capacity 31970K, committed 32256K, reserved 1077248K
  class space    used 4106K, capacity 4329K, committed 4352K, reserved 1048576K
}
Event: 2.637 GC heap before
{Heap before GC invocations=9 (full 2):
 PSYoungGen      total 120832K, used 11239K [0x00000000d5f00000, 0x00000000e5480000, 0x0000000100000000)
  eden space 109568K, 0% used [0x00000000d5f00000,0x00000000d5f00000,0x00000000dca00000)
  from space 11264K, 99% used [0x00000000dca00000,0x00000000dd4f9d70,0x00000000dd500000)
  to   space 34816K, 0% used [0x00000000e3280000,0x00000000e3280000,0x00000000e5480000)
 ParOldGen       total 53760K, used 53704K [0x0000000081c00000, 0x0000000085080000, 0x00000000d5f00000)
  object space 53760K, 99% used [0x0000000081c00000,0x0000000085072340,0x0000000085080000)
 Metaspace       used 30905K, capacity 31970K, committed 32256K, reserved 1077248K
  class space    used 4106K, capacity 4329K, committed 4352K, reserved 1048576K
Event: 2.836 GC heap after
Heap after GC invocations=9 (full 2):
 PSYoungGen      total 120832K, used 8027K [0x00000000d5f00000, 0x00000000e5480000, 0x0000000100000000)
  eden space 109568K, 0% used [0x00000000d5f00000,0x00000000d5f00000,0x00000000dca00000)
  from space 11264K, 71% used [0x00000000dca00000,0x00000000dd1d6e68,0x00000000dd500000)
  to   space 34816K, 0% used [0x00000000e3280000,0x00000000e3280000,0x00000000e5480000)
 ParOldGen       total 148480K, used 53626K [0x0000000081c00000, 0x000000008ad00000, 0x00000000d5f00000)
  object space 148480K, 36% used [0x0000000081c00000,0x000000008505e820,0x000000008ad00000)
 Metaspace       used 30905K, capacity 31970K, committed 32256K, reserved 1077248K
  class space    used 4106K, capacity 4329K, committed 4352K, reserved 1048576K
}
Event: 3.331 GC heap before
{Heap before GC invocations=10 (full 2):
 PSYoungGen      total 120832K, used 117595K [0x00000000d5f00000, 0x00000000e5480000, 0x0000000100000000)
  eden space 109568K, 100% used [0x00000000d5f00000,0x00000000dca00000,0x00000000dca00000)
  from space 11264K, 71% used [0x00000000dca00000,0x00000000dd1d6e68,0x00000000dd500000)
  to   space 34816K, 0% used [0x00000000e3280000,0x00000000e3280000,0x00000000e5480000)
 ParOldGen       total 148480K, used 53626K [0x0000000081c00000, 0x000000008ad00000, 0x00000000d5f00000)
  object space 148480K, 36% used [0x0000000081c00000,0x000000008505e820,0x000000008ad00000)
 Metaspace       used 34334K, capacity 35402K, committed 35584K, reserved 1079296K
  class space    used 4546K, capacity 4795K, committed 4864K, reserved 1048576K
Event: 3.388 GC heap after
Heap after GC invocations=10 (full 2):
 PSYoungGen      total 192000K, used 34804K [0x00000000d5f00000, 0x00000000e6c80000, 0x0000000100000000)
  eden space 157184K, 0% used [0x00000000d5f00000,0x00000000d5f00000,0x00000000df880000)
  from space 34816K, 99% used [0x00000000e3280000,0x00000000e547d128,0x00000000e5480000)
  to   space 59392K, 0% used [0x00000000df880000,0x00000000df880000,0x00000000e3280000)
 ParOldGen       total 148480K, used 95114K [0x0000000081c00000, 0x000000008ad00000, 0x00000000d5f00000)
  object space 148480K, 64% used [0x0000000081c00000,0x00000000878e28b0,0x000000008ad00000)
 Metaspace       used 34334K, capacity 35402K, committed 35584K, reserved 1079296K
  class space    used 4546K, capacity 4795K, committed 4864K, reserved 1048576K
}

